生成启动时间为 2017/9/5 20:53:33。
     1>项目“F:\MEI\视觉培训\二维码_工业摄像头\linux_自创\pnp\pnp\pnp.vcxproj”在节点 2 上(Build 个目标)。
     1>Link:
         B:\Program Files (x86)\Microsoft Visual Studio 12.0\VC\bin\link.exe /ERRORREPORT:PROMPT /OUT:"F:\MEI\视觉培训\二维码_工业摄像头\linux_自创\pnp\Debug\pnp.exe" /INCREMENTAL /NOLOGO opencv_ml249d.lib opencv_calib3d249d.lib opencv_contrib249d.lib opencv_core249d.lib opencv_features2d249d.lib opencv_flann249d.lib opencv_gpu249d.lib opencv_highgui249d.lib opencv_imgproc249d.lib opencv_legacy249d.lib opencv_objdetect249d.lib opencv_ts249d.lib opencv_video249d.lib opencv_nonfree249d.lib opencv_ocl249d.lib opencv_photo249d.lib opencv_stitching249d.lib opencv_superres249d.lib opencv_videostab249d.lib opencv_ml249.lib opencv_calib3d249.lib opencv_contrib249.lib opencv_core249.lib opencv_features2d249.lib opencv_flann249.lib opencv_gpu249.lib opencv_highgui249.lib opencv_imgproc249.lib opencv_legacy249.lib opencv_objdetect249.lib opencv_ts249.lib opencv_video249.lib opencv_nonfree249.lib opencv_ocl249.lib opencv_photo249.lib opencv_stitching249.lib opencv_superres249.lib opencv_videostab249.lib kernel32.lib user32.lib gdi32.lib winspool.lib comdlg32.lib advapi32.lib shell32.lib ole32.lib oleaut32.lib uuid.lib odbc32.lib odbccp32.lib /MANIFEST /MANIFESTUAC:"level='asInvoker' uiAccess='false'" /manifest:embed /DEBUG /PDB:"F:\MEI\视觉培训\二维码_工业摄像头\linux_自创\pnp\Debug\pnp.pdb" /SUBSYSTEM:CONSOLE /TLBID:1 /DYNAMICBASE /NXCOMPAT /IMPLIB:"F:\MEI\视觉培训\二维码_工业摄像头\linux_自创\pnp\Debug\pnp.lib" /MACHINE:X86 Debug\main.obj
         Debug\Marker.obj
         Debug\SerialPort_timer.obj
     1>SerialPort_timer.obj : error LNK2001: 无法解析的外部符号 "class CSerialPort mySerialPort" (?mySerialPort@@3VCSerialPort@@A)
     1>SerialPort_timer.obj : error LNK2001: 无法解析的外部符号 "int usart_rt_flag" (?usart_rt_flag@@3HA)
     1>SerialPort_timer.obj : error LNK2001: 无法解析的外部符号 "int kinect_car_coord_x" (?kinect_car_coord_x@@3HA)
     1>SerialPort_timer.obj : error LNK2001: 无法解析的外部符号 "int kinect_car_coord_y" (?kinect_car_coord_y@@3HA)
     1>SerialPort_timer.obj : error LNK2001: 无法解析的外部符号 "int car_location_x_lst" (?car_location_x_lst@@3HA)
     1>SerialPort_timer.obj : error LNK2001: 无法解析的外部符号 "int car_location_y_lst" (?car_location_y_lst@@3HA)
     1>SerialPort_timer.obj : error LNK2001: 无法解析的外部符号 "int jiaodu_lst" (?jiaodu_lst@@3HA)
     1>SerialPort_timer.obj : error LNK2001: 无法解析的外部符号 "int car_location_x_this" (?car_location_x_this@@3HA)
     1>SerialPort_timer.obj : error LNK2001: 无法解析的外部符号 "int car_location_y_this" (?car_location_y_this@@3HA)
     1>SerialPort_timer.obj : error LNK2001: 无法解析的外部符号 "int jiaodu_this" (?jiaodu_this@@3HA)
     1>SerialPort_timer.obj : error LNK2001: 无法解析的外部符号 "int usart_get_time_lst" (?usart_get_time_lst@@3HA)
     1>SerialPort_timer.obj : error LNK2001: 无法解析的外部符号 "int usart_get_time_llst" (?usart_get_time_llst@@3HA)
     1>SerialPort_timer.obj : error LNK2001: 无法解析的外部符号 "int usart_get_time_this" (?usart_get_time_this@@3HA)
     1>SerialPort_timer.obj : error LNK2001: 无法解析的外部符号 "int car_location_x_llst" (?car_location_x_llst@@3HA)
     1>SerialPort_timer.obj : error LNK2001: 无法解析的外部符号 "int car_location_y_llst" (?car_location_y_llst@@3HA)
     1>SerialPort_timer.obj : error LNK2001: 无法解析的外部符号 "int jiaodu_llst" (?jiaodu_llst@@3HA)
     1>SerialPort_timer.obj : error LNK2001: 无法解析的外部符号 "int flag_have_receive_data" (?flag_have_receive_data@@3HA)
     1>SerialPort_timer.obj : error LNK2001: 无法解析的外部符号 "int catch_ADC_left" (?catch_ADC_left@@3HA)
     1>SerialPort_timer.obj : error LNK2001: 无法解析的外部符号 "int catch_ADC_right" (?catch_ADC_right@@3HA)
     1>SerialPort_timer.obj : error LNK2001: 无法解析的外部符号 "int car_location_x_friend" (?car_location_x_friend@@3HA)
     1>SerialPort_timer.obj : error LNK2001: 无法解析的外部符号 "int car_location_y_friend" (?car_location_y_friend@@3HA)
     1>SerialPort_timer.obj : error LNK2001: 无法解析的外部符号 "int filt_friend_car_flag" (?filt_friend_car_flag@@3HA)
     1>SerialPort_timer.obj : error LNK2001: 无法解析的外部符号 "int yuliang_flag" (?yuliang_flag@@3HA)
     1>SerialPort_timer.obj : error LNK2001: 无法解析的外部符号 "unsigned int timer_ID" (?timer_ID@@3IA)
     1>F:\MEI\视觉培训\二维码_工业摄像头\linux_自创\pnp\Debug\pnp.exe : fatal error LNK1120: 24 个无法解析的外部命令
     1>已完成生成项目“F:\MEI\视觉培训\二维码_工业摄像头\linux_自创\pnp\pnp\pnp.vcxproj”(Build 个目标)的操作 - 失败。

生成失败。

已用时间 00:00:00.37
